2024-06-27 11:39:26,833 INFO    StreamThr :12752 [internal.py:wandb_internal():88] W&B internal server running at pid: 12752, started at: 2024-06-27 11:39:26.833936
2024-06-27 11:39:26,835 DEBUG   HandlerThread:12752 [handler.py:handle_request():139] handle_request: status
2024-06-27 11:39:26,837 DEBUG   SenderThread:12752 [sender.py:send_request():317] send_request: status
2024-06-27 11:39:26,838 INFO    WriterThread:12752 [datastore.py:open_for_write():75] open: F:\work\python\clone\wandb\run-20240627_113926-ujl9nv2i\run-ujl9nv2i.wandb
2024-06-27 11:39:26,838 DEBUG   SenderThread:12752 [sender.py:send():303] send: header
2024-06-27 11:39:26,868 DEBUG   SenderThread:12752 [sender.py:send():303] send: run
2024-06-27 11:39:26,869 INFO    SenderThread:12752 [sender.py:_maybe_setup_resume():593] checking resume status for None/U-Net/ujl9nv2i
2024-06-27 11:39:30,309 DEBUG   HandlerThread:12752 [handler.py:handle_request():139] handle_request: check_version
2024-06-27 11:39:30,309 INFO    SenderThread:12752 [dir_watcher.py:__init__():216] watching files in: F:\work\python\clone\wandb\run-20240627_113926-ujl9nv2i\files
2024-06-27 11:39:30,309 INFO    SenderThread:12752 [sender.py:_start_run_threads():928] run started: ujl9nv2i with start time 1719459566.831927
2024-06-27 11:39:30,309 DEBUG   SenderThread:12752 [sender.py:send():303] send: summary
2024-06-27 11:39:30,310 INFO    SenderThread:12752 [sender.py:_save_file():1171] saving file wandb-summary.json with policy end
2024-06-27 11:39:30,310 DEBUG   SenderThread:12752 [sender.py:send_request():317] send_request: check_version
2024-06-27 11:39:31,062 DEBUG   HandlerThread:12752 [handler.py:handle_request():139] handle_request: run_start
2024-06-27 11:39:31,087 DEBUG   HandlerThread:12752 [system_info.py:__init__():31] System info init
2024-06-27 11:39:31,087 DEBUG   HandlerThread:12752 [system_info.py:__init__():46] System info init done
2024-06-27 11:39:31,087 INFO    HandlerThread:12752 [system_monitor.py:start():150] Starting system monitor
2024-06-27 11:39:31,087 INFO    SystemMonitor:12752 [system_monitor.py:_start():116] Starting system asset monitoring threads
2024-06-27 11:39:31,087 INFO    HandlerThread:12752 [system_monitor.py:probe():168] Collecting system info
2024-06-27 11:39:31,091 INFO    SystemMonitor:12752 [interfaces.py:start():168] Started cpu
2024-06-27 11:39:31,092 INFO    SystemMonitor:12752 [interfaces.py:start():168] Started disk
2024-06-27 11:39:31,092 INFO    SystemMonitor:12752 [interfaces.py:start():168] Started gpu
2024-06-27 11:39:31,092 INFO    SystemMonitor:12752 [interfaces.py:start():168] Started memory
2024-06-27 11:39:31,097 INFO    SystemMonitor:12752 [interfaces.py:start():168] Started network
2024-06-27 11:39:31,101 DEBUG   HandlerThread:12752 [system_info.py:probe():195] Probing system
2024-06-27 11:39:31,102 DEBUG   HandlerThread:12752 [system_info.py:_probe_git():180] Probing git
2024-06-27 11:39:31,163 DEBUG   HandlerThread:12752 [system_info.py:_probe_git():188] Probing git done
2024-06-27 11:39:31,165 DEBUG   HandlerThread:12752 [system_info.py:probe():241] Probing system done
2024-06-27 11:39:31,165 DEBUG   HandlerThread:12752 [system_monitor.py:probe():177] {'os': 'Windows-10-10.0.22631-SP0', 'python': '3.10.14', 'heartbeatAt': '2024-06-27T03:39:31.102668', 'startedAt': '2024-06-27T03:39:26.817212', 'docker': None, 'cuda': None, 'args': (), 'state': 'running', 'program': 'F:\\work\\python\\clone\\2d\\Pytorch-UNet\\train.py', 'codePath': '2d\\Pytorch-UNet\\train.py', 'git': {'remote': 'https://github.com/lidefender/clone.git', 'commit': '6fab70914fe879087799ffcf4521ae85df0aa4d7'}, 'email': '1710501386@qq.com', 'root': 'F:/work/python/clone', 'host': 'LAPTOP-B3TDKSIE', 'username': 'Liminghui', 'executable': 'F:\\work\\environment\\envs\\bar\\python.exe', 'cpu_count': 8, 'cpu_count_logical': 16, 'cpu_freq': {'current': 2887.0, 'min': 0.0, 'max': 3601.0}, 'cpu_freq_per_core': [{'current': 2887.0, 'min': 0.0, 'max': 3601.0}], 'disk': {'total': 984.0937461853027, 'used': 697.6746940612793}, 'gpu': 'NVIDIA GeForce RTX 4060 Laptop GPU', 'gpu_count': 1, 'gpu_devices': [{'name': 'NVIDIA GeForce RTX 4060 Laptop GPU', 'memory_total': 8585740288}], 'memory': {'total': 15.17629623413086}}
2024-06-27 11:39:31,169 INFO    HandlerThread:12752 [system_monitor.py:probe():178] Finished collecting system info
2024-06-27 11:39:31,169 INFO    HandlerThread:12752 [system_monitor.py:probe():181] Publishing system info
2024-06-27 11:39:31,169 DEBUG   HandlerThread:12752 [system_info.py:_save_pip():51] Saving list of pip packages installed into the current environment
2024-06-27 11:39:31,169 DEBUG   HandlerThread:12752 [system_info.py:_save_pip():67] Saving pip packages done
2024-06-27 11:39:31,169 DEBUG   HandlerThread:12752 [system_info.py:_save_conda():74] Saving list of conda packages installed into the current environment
2024-06-27 11:39:31,310 INFO    Thread-16 :12752 [dir_watcher.py:_on_file_created():275] file/dir created: F:\work\python\clone\wandb\run-20240627_113926-ujl9nv2i\files\wandb-summary.json
2024-06-27 11:39:31,310 INFO    Thread-16 :12752 [dir_watcher.py:_on_file_created():275] file/dir created: F:\work\python\clone\wandb\run-20240627_113926-ujl9nv2i\files\requirements.txt
2024-06-27 11:39:31,311 INFO    Thread-16 :12752 [dir_watcher.py:_on_file_created():275] file/dir created: F:\work\python\clone\wandb\run-20240627_113926-ujl9nv2i\files\conda-environment.yaml
2024-06-27 11:39:35,920 DEBUG   HandlerThread:12752 [system_info.py:_save_conda():86] Saving conda packages done
2024-06-27 11:39:35,921 INFO    HandlerThread:12752 [system_monitor.py:probe():183] Finished publishing system info
2024-06-27 11:39:36,066 DEBUG   SenderThread:12752 [sender.py:send():303] send: files
2024-06-27 11:39:36,066 INFO    SenderThread:12752 [sender.py:_save_file():1171] saving file wandb-metadata.json with policy now
2024-06-27 11:39:36,067 DEBUG   HandlerThread:12752 [handler.py:handle_request():139] handle_request: stop_status
2024-06-27 11:39:36,067 DEBUG   SenderThread:12752 [sender.py:send_request():317] send_request: stop_status
2024-06-27 11:39:36,313 INFO    Thread-16 :12752 [dir_watcher.py:_on_file_modified():292] file/dir modified: F:\work\python\clone\wandb\run-20240627_113926-ujl9nv2i\files\conda-environment.yaml
2024-06-27 11:39:36,313 INFO    Thread-16 :12752 [dir_watcher.py:_on_file_created():275] file/dir created: F:\work\python\clone\wandb\run-20240627_113926-ujl9nv2i\files\wandb-metadata.json
2024-06-27 11:39:37,403 DEBUG   SenderThread:12752 [sender.py:send():303] send: telemetry
2024-06-27 11:39:37,404 DEBUG   SenderThread:12752 [sender.py:send():303] send: config
2024-06-27 11:39:38,320 INFO    Thread-16 :12752 [dir_watcher.py:_on_file_created():275] file/dir created: F:\work\python\clone\wandb\run-20240627_113926-ujl9nv2i\files\output.log
2024-06-27 11:39:38,753 INFO    Thread-21 :12752 [upload_job.py:push():143] Uploaded file C:\Users\LIMING~1\AppData\Local\Temp\tmpxu1ye_ipwandb\nkkd7875-wandb-metadata.json
2024-06-27 11:39:40,326 INFO    Thread-16 :12752 [dir_watcher.py:_on_file_modified():292] file/dir modified: F:\work\python\clone\wandb\run-20240627_113926-ujl9nv2i\files\output.log
2024-06-27 11:39:52,433 DEBUG   HandlerThread:12752 [handler.py:handle_request():139] handle_request: stop_status
2024-06-27 11:39:52,434 DEBUG   SenderThread:12752 [sender.py:send_request():317] send_request: stop_status
2024-06-27 11:39:59,429 INFO    Thread-16 :12752 [dir_watcher.py:_on_file_modified():292] file/dir modified: F:\work\python\clone\wandb\run-20240627_113926-ujl9nv2i\files\config.yaml
2024-06-27 11:40:01,034 DEBUG   HandlerThread:12752 [handler.py:handle_request():139] handle_request: partial_history
2024-06-27 11:40:01,043 DEBUG   SenderThread:12752 [sender.py:send():303] send: history
2024-06-27 11:40:01,044 DEBUG   SenderThread:12752 [sender.py:send():303] send: summary
2024-06-27 11:40:01,047 INFO    SenderThread:12752 [sender.py:_save_file():1171] saving file wandb-summary.json with policy end
2024-06-27 11:40:01,440 INFO    Thread-16 :12752 [dir_watcher.py:_on_file_modified():292] file/dir modified: F:\work\python\clone\wandb\run-20240627_113926-ujl9nv2i\files\wandb-summary.json
2024-06-27 11:40:02,441 INFO    Thread-16 :12752 [dir_watcher.py:_on_file_modified():292] file/dir modified: F:\work\python\clone\wandb\run-20240627_113926-ujl9nv2i\files\output.log
2024-06-27 11:40:04,449 INFO    Thread-16 :12752 [dir_watcher.py:_on_file_modified():292] file/dir modified: F:\work\python\clone\wandb\run-20240627_113926-ujl9nv2i\files\output.log
2024-06-27 11:40:08,796 DEBUG   HandlerThread:12752 [handler.py:handle_request():139] handle_request: stop_status
2024-06-27 11:40:08,797 DEBUG   SenderThread:12752 [sender.py:send_request():317] send_request: stop_status
2024-06-27 11:40:14,297 DEBUG   HandlerThread:12752 [handler.py:handle_request():139] handle_request: partial_history
2024-06-27 11:40:14,299 DEBUG   SenderThread:12752 [sender.py:send():303] send: history
2024-06-27 11:40:14,299 DEBUG   SenderThread:12752 [sender.py:send():303] send: summary
2024-06-27 11:40:14,300 INFO    SenderThread:12752 [sender.py:_save_file():1171] saving file wandb-summary.json with policy end
2024-06-27 11:40:14,499 INFO    Thread-16 :12752 [dir_watcher.py:_on_file_modified():292] file/dir modified: F:\work\python\clone\wandb\run-20240627_113926-ujl9nv2i\files\wandb-summary.json
2024-06-27 11:40:15,508 INFO    Thread-16 :12752 [dir_watcher.py:_on_file_modified():292] file/dir modified: F:\work\python\clone\wandb\run-20240627_113926-ujl9nv2i\files\output.log
2024-06-27 11:40:25,165 DEBUG   HandlerThread:12752 [handler.py:handle_request():139] handle_request: stop_status
2024-06-27 11:40:25,165 DEBUG   SenderThread:12752 [sender.py:send_request():317] send_request: stop_status
2024-06-27 11:40:27,249 DEBUG   HandlerThread:12752 [handler.py:handle_request():139] handle_request: partial_history
2024-06-27 11:40:27,250 DEBUG   SenderThread:12752 [sender.py:send():303] send: history
2024-06-27 11:40:27,250 DEBUG   SenderThread:12752 [sender.py:send():303] send: summary
2024-06-27 11:40:27,251 INFO    SenderThread:12752 [sender.py:_save_file():1171] saving file wandb-summary.json with policy end
2024-06-27 11:40:27,565 INFO    Thread-16 :12752 [dir_watcher.py:_on_file_modified():292] file/dir modified: F:\work\python\clone\wandb\run-20240627_113926-ujl9nv2i\files\wandb-summary.json
2024-06-27 11:40:29,573 INFO    Thread-16 :12752 [dir_watcher.py:_on_file_modified():292] file/dir modified: F:\work\python\clone\wandb\run-20240627_113926-ujl9nv2i\files\output.log
2024-06-27 11:40:31,101 DEBUG   SystemMonitor:12752 [system_monitor.py:_start():130] Starting system metrics aggregation loop
2024-06-27 11:40:31,104 DEBUG   SenderThread:12752 [sender.py:send():303] send: stats
2024-06-27 11:40:40,344 DEBUG   HandlerThread:12752 [handler.py:handle_request():139] handle_request: partial_history
2024-06-27 11:40:40,345 DEBUG   SenderThread:12752 [sender.py:send():303] send: history
2024-06-27 11:40:40,345 DEBUG   SenderThread:12752 [sender.py:send():303] send: summary
2024-06-27 11:40:40,347 INFO    SenderThread:12752 [sender.py:_save_file():1171] saving file wandb-summary.json with policy end
2024-06-27 11:40:40,622 INFO    Thread-16 :12752 [dir_watcher.py:_on_file_modified():292] file/dir modified: F:\work\python\clone\wandb\run-20240627_113926-ujl9nv2i\files\wandb-summary.json
2024-06-27 11:40:41,378 DEBUG   HandlerThread:12752 [handler.py:handle_request():139] handle_request: stop_status
2024-06-27 11:40:41,378 DEBUG   SenderThread:12752 [sender.py:send_request():317] send_request: stop_status
2024-06-27 11:40:41,630 INFO    Thread-16 :12752 [dir_watcher.py:_on_file_modified():292] file/dir modified: F:\work\python\clone\wandb\run-20240627_113926-ujl9nv2i\files\output.log
2024-06-27 11:40:53,422 DEBUG   HandlerThread:12752 [handler.py:handle_request():139] handle_request: partial_history
2024-06-27 11:41:01,380 DEBUG   HandlerThread:12752 [handler.py:handle_request():139] handle_request: stop_status
2024-06-27 11:41:06,489 DEBUG   HandlerThread:12752 [handler.py:handle_request():139] handle_request: partial_history
2024-06-27 11:41:14,586 WARNING FileStreamThread:12752 [file_stream.py:request_with_retry():667] requests_with_retry encountered retryable exception: ('Connection aborted.', RemoteDisconnected('Remote end closed connection without response')). func: <bound method Session.post of <requests.sessions.Session object at 0x000002A9CB92C8B0>>, args: ('https://api.wandb.ai/files/anony-mouse-241281041772398917/U-Net/ujl9nv2i/file_stream',), kwargs: {'json': {'files': {'output.log': {'offset': 10, 'content': ['ERROR 2024-06-27T03:40:41.488746 Epoch 1/5:   4%|¨€¨€¨€¨€¨€¨‚                                                                                                                                                      | 5/135 [01:04<27:03, 12.49s/img, loss (batch)=1.4]\n']}}, 'dropped': 0}}
2024-06-27 11:41:14,626 ERROR   SenderThread:12752 [retry.py:__call__():154] Retry attempt failed:
Traceback (most recent call last):
  File "F:\work\environment\envs\bar\lib\site-packages\urllib3\connection.py", line 198, in _new_conn
    sock = connection.create_connection(
  File "F:\work\environment\envs\bar\lib\site-packages\urllib3\util\connection.py", line 85, in create_connection
    raise err
  File "F:\work\environment\envs\bar\lib\site-packages\urllib3\util\connection.py", line 73, in create_connection
    sock.connect(sa)
TimeoutError: timed out

The above exception was the direct cause of the following exception:

Traceback (most recent call last):
  File "F:\work\environment\envs\bar\lib\site-packages\urllib3\connectionpool.py", line 793, in urlopen
    response = self._make_request(
  File "F:\work\environment\envs\bar\lib\site-packages\urllib3\connectionpool.py", line 491, in _make_request
    raise new_e
  File "F:\work\environment\envs\bar\lib\site-packages\urllib3\connectionpool.py", line 467, in _make_request
    self._validate_conn(conn)
  File "F:\work\environment\envs\bar\lib\site-packages\urllib3\connectionpool.py", line 1099, in _validate_conn
    conn.connect()
  File "F:\work\environment\envs\bar\lib\site-packages\urllib3\connection.py", line 616, in connect
    self.sock = sock = self._new_conn()
  File "F:\work\environment\envs\bar\lib\site-packages\urllib3\connection.py", line 207, in _new_conn
    raise ConnectTimeoutError(
urllib3.exceptions.ConnectTimeoutError: (<urllib3.connection.HTTPSConnection object at 0x000002A9CC04B220>, 'Connection to api.wandb.ai timed out. (connect timeout=10)')

The above exception was the direct cause of the following exception:

Traceback (most recent call last):
  File "F:\work\environment\envs\bar\lib\site-packages\requests\adapters.py", line 486, in send
    resp = conn.urlopen(
  File "F:\work\environment\envs\bar\lib\site-packages\urllib3\connectionpool.py", line 847, in urlopen
    retries = retries.increment(
  File "F:\work\environment\envs\bar\lib\site-packages\urllib3\util\retry.py", line 515, in increment
    raise MaxRetryError(_pool, url, reason) from reason  # type: ignore[arg-type]
urllib3.exceptions.MaxRetryError: HTTPSConnectionPool(host='api.wandb.ai', port=443): Max retries exceeded with url: /graphql (Caused by ConnectTimeoutError(<urllib3.connection.HTTPSConnection object at 0x000002A9CC04B220>, 'Connection to api.wandb.ai timed out. (connect timeout=10)'))

During handling of the above exception, another exception occurred:

Traceback (most recent call last):
  File "F:\work\environment\envs\bar\lib\site-packages\wandb\sdk\lib\retry.py", line 113, in __call__
    result = self._call_fn(*args, **kwargs)
  File "F:\work\environment\envs\bar\lib\site-packages\wandb\sdk\internal\internal_api.py", line 210, in execute
    return self.client.execute(*args, **kwargs)  # type: ignore
  File "F:\work\environment\envs\bar\lib\site-packages\wandb\vendor\gql-0.2.0\wandb_gql\client.py", line 52, in execute
    result = self._get_result(document, *args, **kwargs)
  File "F:\work\environment\envs\bar\lib\site-packages\wandb\vendor\gql-0.2.0\wandb_gql\client.py", line 60, in _get_result
    return self.transport.execute(document, *args, **kwargs)
  File "F:\work\environment\envs\bar\lib\site-packages\wandb\vendor\gql-0.2.0\wandb_gql\transport\requests.py", line 38, in execute
    request = requests.post(self.url, **post_args)
  File "F:\work\environment\envs\bar\lib\site-packages\requests\api.py", line 115, in post
    return request("post", url, data=data, json=json, **kwargs)
  File "F:\work\environment\envs\bar\lib\site-packages\requests\api.py", line 59, in request
    return session.request(method=method, url=url, **kwargs)
  File "F:\work\environment\envs\bar\lib\site-packages\requests\sessions.py", line 589, in request
    resp = self.send(prep, **send_kwargs)
  File "F:\work\environment\envs\bar\lib\site-packages\requests\sessions.py", line 703, in send
    r = adapter.send(request, **kwargs)
  File "F:\work\environment\envs\bar\lib\site-packages\requests\adapters.py", line 507, in send
    raise ConnectTimeout(e, request=request)
requests.exceptions.ConnectTimeout: HTTPSConnectionPool(host='api.wandb.ai', port=443): Max retries exceeded with url: /graphql (Caused by ConnectTimeoutError(<urllib3.connection.HTTPSConnection object at 0x000002A9CC04B220>, 'Connection to api.wandb.ai timed out. (connect timeout=10)'))
2024-06-27 11:41:19,469 DEBUG   HandlerThread:12752 [handler.py:handle_request():139] handle_request: partial_history
2024-06-27 11:41:21,381 DEBUG   HandlerThread:12752 [handler.py:handle_request():139] handle_request: stop_status
2024-06-27 11:41:32,459 DEBUG   HandlerThread:12752 [handler.py:handle_request():139] handle_request: partial_history
2024-06-27 11:41:38,089 WARNING FileStreamThread:12752 [file_stream.py:request_with_retry():667] requests_with_retry encountered retryable exception: HTTPSConnectionPool(host='api.wandb.ai', port=443): Max retries exceeded with url: /files/anony-mouse-241281041772398917/U-Net/ujl9nv2i/file_stream (Caused by ConnectTimeoutError(<urllib3.connection.HTTPSConnection object at 0x000002A9CC036050>, 'Connection to api.wandb.ai timed out. (connect timeout=None)')). func: <bound method Session.post of <requests.sessions.Session object at 0x000002A9CB92C8B0>>, args: ('https://api.wandb.ai/files/anony-mouse-241281041772398917/U-Net/ujl9nv2i/file_stream',), kwargs: {'json': {'files': {'output.log': {'offset': 10, 'content': ['ERROR 2024-06-27T03:40:41.488746 Epoch 1/5:   4%|¨€¨€¨€¨€¨€¨‚                                                                                                                                                      | 5/135 [01:04<27:03, 12.49s/img, loss (batch)=1.4]\n']}}, 'dropped': 0}}
2024-06-27 11:41:41,382 DEBUG   HandlerThread:12752 [handler.py:handle_request():139] handle_request: stop_status
2024-06-27 11:41:42,948 WARNING FileStreamThread:12752 [file_stream.py:request_with_retry():667] requests_with_retry encountered retryable exception: HTTPSConnectionPool(host='api.wandb.ai', port=443): Max retries exceeded with url: /files/anony-mouse-241281041772398917/U-Net/ujl9nv2i/file_stream (Caused by NameResolutionError("<urllib3.connection.HTTPSConnection object at 0x000002A9CC26D0F0>: Failed to resolve 'api.wandb.ai' ([Errno 11001] getaddrinfo failed)")). func: <bound method Session.post of <requests.sessions.Session object at 0x000002A9CB92C8B0>>, args: ('https://api.wandb.ai/files/anony-mouse-241281041772398917/U-Net/ujl9nv2i/file_stream',), kwargs: {'json': {'files': {'output.log': {'offset': 10, 'content': ['ERROR 2024-06-27T03:40:41.488746 Epoch 1/5:   4%|¨€¨€¨€¨€¨€¨‚                                                                                                                                                      | 5/135 [01:04<27:03, 12.49s/img, loss (batch)=1.4]\n']}}, 'dropped': 0}}
2024-06-27 11:41:45,461 DEBUG   HandlerThread:12752 [handler.py:handle_request():139] handle_request: partial_history
2024-06-27 11:41:51,433 WARNING FileStreamThread:12752 [file_stream.py:request_with_retry():667] requests_with_retry encountered retryable exception: HTTPSConnectionPool(host='api.wandb.ai', port=443): Max retries exceeded with url: /files/anony-mouse-241281041772398917/U-Net/ujl9nv2i/file_stream (Caused by NameResolutionError("<urllib3.connection.HTTPSConnection object at 0x000002A9CC26D510>: Failed to resolve 'api.wandb.ai' ([Errno 11001] getaddrinfo failed)")). func: <bound method Session.post of <requests.sessions.Session object at 0x000002A9CB92C8B0>>, args: ('https://api.wandb.ai/files/anony-mouse-241281041772398917/U-Net/ujl9nv2i/file_stream',), kwargs: {'json': {'files': {'output.log': {'offset': 10, 'content': ['ERROR 2024-06-27T03:40:41.488746 Epoch 1/5:   4%|¨€¨€¨€¨€¨€¨‚                                                                                                                                                      | 5/135 [01:04<27:03, 12.49s/img, loss (batch)=1.4]\n']}}, 'dropped': 0}}
2024-06-27 11:41:58,433 DEBUG   HandlerThread:12752 [handler.py:handle_request():139] handle_request: partial_history
2024-06-27 11:42:01,382 DEBUG   HandlerThread:12752 [handler.py:handle_request():139] handle_request: stop_status
2024-06-27 11:42:07,978 WARNING FileStreamThread:12752 [file_stream.py:request_with_retry():667] requests_with_retry encountered retryable exception: HTTPSConnectionPool(host='api.wandb.ai', port=443): Max retries exceeded with url: /files/anony-mouse-241281041772398917/U-Net/ujl9nv2i/file_stream (Caused by NameResolutionError("<urllib3.connection.HTTPSConnection object at 0x000002A9CC28C280>: Failed to resolve 'api.wandb.ai' ([Errno 11001] getaddrinfo failed)")). func: <bound method Session.post of <requests.sessions.Session object at 0x000002A9CB92C8B0>>, args: ('https://api.wandb.ai/files/anony-mouse-241281041772398917/U-Net/ujl9nv2i/file_stream',), kwargs: {'json': {'files': {'output.log': {'offset': 10, 'content': ['ERROR 2024-06-27T03:40:41.488746 Epoch 1/5:   4%|¨€¨€¨€¨€¨€¨‚                                                                                                                                                      | 5/135 [01:04<27:03, 12.49s/img, loss (batch)=1.4]\n']}}, 'dropped': 0}}
2024-06-27 11:42:11,348 DEBUG   HandlerThread:12752 [handler.py:handle_request():139] handle_request: partial_history
2024-06-27 11:42:21,384 DEBUG   HandlerThread:12752 [handler.py:handle_request():139] handle_request: stop_status
2024-06-27 11:42:24,367 DEBUG   HandlerThread:12752 [handler.py:handle_request():139] handle_request: partial_history
2024-06-27 11:42:37,283 DEBUG   HandlerThread:12752 [handler.py:handle_request():139] handle_request: partial_history
2024-06-27 11:42:41,384 DEBUG   HandlerThread:12752 [handler.py:handle_request():139] handle_request: stop_status
2024-06-27 11:42:43,393 WARNING FileStreamThread:12752 [file_stream.py:request_with_retry():667] requests_with_retry encountered retryable exception: HTTPSConnectionPool(host='api.wandb.ai', port=443): Max retries exceeded with url: /files/anony-mouse-241281041772398917/U-Net/ujl9nv2i/file_stream (Caused by NameResolutionError("<urllib3.connection.HTTPSConnection object at 0x000002A9CC299AB0>: Failed to resolve 'api.wandb.ai' ([Errno 11001] getaddrinfo failed)")). func: <bound method Session.post of <requests.sessions.Session object at 0x000002A9CB92C8B0>>, args: ('https://api.wandb.ai/files/anony-mouse-241281041772398917/U-Net/ujl9nv2i/file_stream',), kwargs: {'json': {'files': {'output.log': {'offset': 10, 'content': ['ERROR 2024-06-27T03:40:41.488746 Epoch 1/5:   4%|¨€¨€¨€¨€¨€¨‚                                                                                                                                                      | 5/135 [01:04<27:03, 12.49s/img, loss (batch)=1.4]\n']}}, 'dropped': 0}}
2024-06-27 11:42:50,341 DEBUG   HandlerThread:12752 [handler.py:handle_request():139] handle_request: partial_history
2024-06-27 11:43:01,385 DEBUG   HandlerThread:12752 [handler.py:handle_request():139] handle_request: stop_status
2024-06-27 11:43:03,420 DEBUG   HandlerThread:12752 [handler.py:handle_request():139] handle_request: partial_history
2024-06-27 11:43:16,493 DEBUG   HandlerThread:12752 [handler.py:handle_request():139] handle_request: partial_history
2024-06-27 11:43:21,385 DEBUG   HandlerThread:12752 [handler.py:handle_request():139] handle_request: stop_status
2024-06-27 11:43:29,556 DEBUG   HandlerThread:12752 [handler.py:handle_request():139] handle_request: partial_history
2024-06-27 11:43:41,386 DEBUG   HandlerThread:12752 [handler.py:handle_request():139] handle_request: stop_status
2024-06-27 11:43:42,597 DEBUG   HandlerThread:12752 [handler.py:handle_request():139] handle_request: partial_history
2024-06-27 11:43:55,572 DEBUG   HandlerThread:12752 [handler.py:handle_request():139] handle_request: partial_history
2024-06-27 11:44:01,389 DEBUG   HandlerThread:12752 [handler.py:handle_request():139] handle_request: stop_status
2024-06-27 11:44:01,886 WARNING FileStreamThread:12752 [file_stream.py:request_with_retry():667] requests_with_retry encountered retryable exception: HTTPSConnectionPool(host='api.wandb.ai', port=443): Max retries exceeded with url: /files/anony-mouse-241281041772398917/U-Net/ujl9nv2i/file_stream (Caused by NameResolutionError("<urllib3.connection.HTTPSConnection object at 0x000002A9CC2E1E70>: Failed to resolve 'api.wandb.ai' ([Errno 11001] getaddrinfo failed)")). func: <bound method Session.post of <requests.sessions.Session object at 0x000002A9CB92C8B0>>, args: ('https://api.wandb.ai/files/anony-mouse-241281041772398917/U-Net/ujl9nv2i/file_stream',), kwargs: {'json': {'files': {'output.log': {'offset': 10, 'content': ['ERROR 2024-06-27T03:40:41.488746 Epoch 1/5:   4%|¨€¨€¨€¨€¨€¨‚                                                                                                                                                      | 5/135 [01:04<27:03, 12.49s/img, loss (batch)=1.4]\n']}}, 'dropped': 0}}
2024-06-27 11:44:08,646 DEBUG   HandlerThread:12752 [handler.py:handle_request():139] handle_request: partial_history
2024-06-27 11:44:21,390 DEBUG   HandlerThread:12752 [handler.py:handle_request():139] handle_request: stop_status
2024-06-27 11:44:21,522 DEBUG   HandlerThread:12752 [handler.py:handle_request():139] handle_request: partial_history
2024-06-27 11:44:34,473 DEBUG   HandlerThread:12752 [handler.py:handle_request():139] handle_request: partial_history
2024-06-27 11:44:41,392 DEBUG   HandlerThread:12752 [handler.py:handle_request():139] handle_request: stop_status
2024-06-27 11:44:47,379 DEBUG   HandlerThread:12752 [handler.py:handle_request():139] handle_request: partial_history
2024-06-27 11:45:00,308 DEBUG   HandlerThread:12752 [handler.py:handle_request():139] handle_request: partial_history
2024-06-27 11:45:01,393 DEBUG   HandlerThread:12752 [handler.py:handle_request():139] handle_request: stop_status
2024-06-27 11:45:13,175 DEBUG   HandlerThread:12752 [handler.py:handle_request():139] handle_request: partial_history
2024-06-27 11:45:21,395 DEBUG   HandlerThread:12752 [handler.py:handle_request():139] handle_request: stop_status
2024-06-27 11:45:26,032 DEBUG   HandlerThread:12752 [handler.py:handle_request():139] handle_request: partial_history
2024-06-27 11:45:39,062 DEBUG   HandlerThread:12752 [handler.py:handle_request():139] handle_request: partial_history
2024-06-27 11:45:41,395 DEBUG   HandlerThread:12752 [handler.py:handle_request():139] handle_request: stop_status
2024-06-27 11:46:01,396 DEBUG   HandlerThread:12752 [handler.py:handle_request():139] handle_request: stop_status
2024-06-27 11:46:10,678 WARNING FileStreamThread:12752 [file_stream.py:request_with_retry():667] requests_with_retry encountered retryable exception: HTTPSConnectionPool(host='api.wandb.ai', port=443): Max retries exceeded with url: /files/anony-mouse-241281041772398917/U-Net/ujl9nv2i/file_stream (Caused by NameResolutionError("<urllib3.connection.HTTPSConnection object at 0x000002A9CC349DB0>: Failed to resolve 'api.wandb.ai' ([Errno 11001] getaddrinfo failed)")). func: <bound method Session.post of <requests.sessions.Session object at 0x000002A9CB92C8B0>>, args: ('https://api.wandb.ai/files/anony-mouse-241281041772398917/U-Net/ujl9nv2i/file_stream',), kwargs: {'json': {'files': {'output.log': {'offset': 10, 'content': ['ERROR 2024-06-27T03:40:41.488746 Epoch 1/5:   4%|¨€¨€¨€¨€¨€¨‚                                                                                                                                                      | 5/135 [01:04<27:03, 12.49s/img, loss (batch)=1.4]\n']}}, 'dropped': 0}}
2024-06-27 11:46:21,397 DEBUG   HandlerThread:12752 [handler.py:handle_request():139] handle_request: stop_status
2024-06-27 11:46:41,397 DEBUG   HandlerThread:12752 [handler.py:handle_request():139] handle_request: stop_status
2024-06-27 11:47:01,398 DEBUG   HandlerThread:12752 [handler.py:handle_request():139] handle_request: stop_status
2024-06-27 11:47:21,398 DEBUG   HandlerThread:12752 [handler.py:handle_request():139] handle_request: stop_status
2024-06-27 11:47:41,400 DEBUG   HandlerThread:12752 [handler.py:handle_request():139] handle_request: stop_status
2024-06-27 11:48:01,401 DEBUG   HandlerThread:12752 [handler.py:handle_request():139] handle_request: stop_status
2024-06-27 11:48:21,401 DEBUG   HandlerThread:12752 [handler.py:handle_request():139] handle_request: stop_status
2024-06-27 11:48:41,402 DEBUG   HandlerThread:12752 [handler.py:handle_request():139] handle_request: stop_status
2024-06-27 11:49:01,402 DEBUG   HandlerThread:12752 [handler.py:handle_request():139] handle_request: stop_status
2024-06-27 11:49:21,403 DEBUG   HandlerThread:12752 [handler.py:handle_request():139] handle_request: stop_status
2024-06-27 11:49:41,404 DEBUG   HandlerThread:12752 [handler.py:handle_request():139] handle_request: stop_status
2024-06-27 11:50:01,406 DEBUG   HandlerThread:12752 [handler.py:handle_request():139] handle_request: stop_status
2024-06-27 11:50:21,407 DEBUG   HandlerThread:12752 [handler.py:handle_request():139] handle_request: stop_status
2024-06-27 11:50:41,409 DEBUG   HandlerThread:12752 [handler.py:handle_request():139] handle_request: stop_status
2024-06-27 11:51:01,411 DEBUG   HandlerThread:12752 [handler.py:handle_request():139] handle_request: stop_status
2024-06-27 11:51:15,925 WARNING FileStreamThread:12752 [file_stream.py:request_with_retry():667] requests_with_retry encountered retryable exception: HTTPSConnectionPool(host='api.wandb.ai', port=443): Max retries exceeded with url: /files/anony-mouse-241281041772398917/U-Net/ujl9nv2i/file_stream (Caused by NameResolutionError("<urllib3.connection.HTTPSConnection object at 0x000002A9CC3EC3D0>: Failed to resolve 'api.wandb.ai' ([Errno 11001] getaddrinfo failed)")). func: <bound method Session.post of <requests.sessions.Session object at 0x000002A9CB92C8B0>>, args: ('https://api.wandb.ai/files/anony-mouse-241281041772398917/U-Net/ujl9nv2i/file_stream',), kwargs: {'json': {'files': {'output.log': {'offset': 10, 'content': ['ERROR 2024-06-27T03:40:41.488746 Epoch 1/5:   4%|¨€¨€¨€¨€¨€¨‚                                                                                                                                                      | 5/135 [01:04<27:03, 12.49s/img, loss (batch)=1.4]\n']}}, 'dropped': 0}}
2024-06-27 11:51:21,412 DEBUG   HandlerThread:12752 [handler.py:handle_request():139] handle_request: stop_status
2024-06-27 11:51:41,418 DEBUG   HandlerThread:12752 [handler.py:handle_request():139] handle_request: stop_status
2024-06-27 11:52:01,418 DEBUG   HandlerThread:12752 [handler.py:handle_request():139] handle_request: stop_status
2024-06-27 11:52:21,420 DEBUG   HandlerThread:12752 [handler.py:handle_request():139] handle_request: stop_status
2024-06-27 11:52:41,421 DEBUG   HandlerThread:12752 [handler.py:handle_request():139] handle_request: stop_status
2024-06-27 11:53:01,423 DEBUG   HandlerThread:12752 [handler.py:handle_request():139] handle_request: stop_status
2024-06-27 11:53:21,424 DEBUG   HandlerThread:12752 [handler.py:handle_request():139] handle_request: stop_status
2024-06-27 11:53:41,425 DEBUG   HandlerThread:12752 [handler.py:handle_request():139] handle_request: stop_status
2024-06-27 11:54:01,429 DEBUG   HandlerThread:12752 [handler.py:handle_request():139] handle_request: stop_status
2024-06-27 11:54:21,426 DEBUG   HandlerThread:12752 [handler.py:handle_request():139] handle_request: stop_status
2024-06-27 11:54:41,427 DEBUG   HandlerThread:12752 [handler.py:handle_request():139] handle_request: stop_status
2024-06-27 11:55:01,431 DEBUG   HandlerThread:12752 [handler.py:handle_request():139] handle_request: stop_status
2024-06-27 11:55:21,427 DEBUG   HandlerThread:12752 [handler.py:handle_request():139] handle_request: stop_status
2024-06-27 11:55:41,433 DEBUG   HandlerThread:12752 [handler.py:handle_request():139] handle_request: stop_status
2024-06-27 11:56:01,430 DEBUG   HandlerThread:12752 [handler.py:handle_request():139] handle_request: stop_status
2024-06-27 11:56:21,431 DEBUG   HandlerThread:12752 [handler.py:handle_request():139] handle_request: stop_status
2024-06-27 11:56:37,828 WARNING FileStreamThread:12752 [file_stream.py:request_with_retry():667] requests_with_retry encountered retryable exception: HTTPSConnectionPool(host='api.wandb.ai', port=443): Max retries exceeded with url: /files/anony-mouse-241281041772398917/U-Net/ujl9nv2i/file_stream (Caused by NameResolutionError("<urllib3.connection.HTTPSConnection object at 0x000002A9CC465720>: Failed to resolve 'api.wandb.ai' ([Errno 11001] getaddrinfo failed)")). func: <bound method Session.post of <requests.sessions.Session object at 0x000002A9CB92C8B0>>, args: ('https://api.wandb.ai/files/anony-mouse-241281041772398917/U-Net/ujl9nv2i/file_stream',), kwargs: {'json': {'files': {'output.log': {'offset': 10, 'content': ['ERROR 2024-06-27T03:40:41.488746 Epoch 1/5:   4%|¨€¨€¨€¨€¨€¨‚                                                                                                                                                      | 5/135 [01:04<27:03, 12.49s/img, loss (batch)=1.4]\n']}}, 'dropped': 0}}
2024-06-27 11:56:41,432 DEBUG   HandlerThread:12752 [handler.py:handle_request():139] handle_request: stop_status
2024-06-27 11:57:01,433 DEBUG   HandlerThread:12752 [handler.py:handle_request():139] handle_request: stop_status
2024-06-27 11:57:21,434 DEBUG   HandlerThread:12752 [handler.py:handle_request():139] handle_request: stop_status
2024-06-27 11:57:41,435 DEBUG   HandlerThread:12752 [handler.py:handle_request():139] handle_request: stop_status
2024-06-27 11:58:01,436 DEBUG   HandlerThread:12752 [handler.py:handle_request():139] handle_request: stop_status
2024-06-27 11:58:21,441 DEBUG   HandlerThread:12752 [handler.py:handle_request():139] handle_request: stop_status
2024-06-27 11:58:41,438 DEBUG   HandlerThread:12752 [handler.py:handle_request():139] handle_request: stop_status
2024-06-27 11:59:01,441 DEBUG   HandlerThread:12752 [handler.py:handle_request():139] handle_request: stop_status
2024-06-27 11:59:21,441 DEBUG   HandlerThread:12752 [handler.py:handle_request():139] handle_request: stop_status
2024-06-27 11:59:41,442 DEBUG   HandlerThread:12752 [handler.py:handle_request():139] handle_request: stop_status
2024-06-27 12:00:01,444 DEBUG   HandlerThread:12752 [handler.py:handle_request():139] handle_request: stop_status
2024-06-27 12:00:21,446 DEBUG   HandlerThread:12752 [handler.py:handle_request():139] handle_request: stop_status
2024-06-27 12:00:41,446 DEBUG   HandlerThread:12752 [handler.py:handle_request():139] handle_request: stop_status
2024-06-27 12:01:01,447 DEBUG   HandlerThread:12752 [handler.py:handle_request():139] handle_request: stop_status
2024-06-27 12:01:21,448 DEBUG   HandlerThread:12752 [handler.py:handle_request():139] handle_request: stop_status
2024-06-27 12:01:41,449 DEBUG   HandlerThread:12752 [handler.py:handle_request():139] handle_request: stop_status
2024-06-27 12:02:01,450 DEBUG   HandlerThread:12752 [handler.py:handle_request():139] handle_request: stop_status
2024-06-27 12:02:11,742 WARNING FileStreamThread:12752 [file_stream.py:request_with_retry():667] requests_with_retry encountered retryable exception: HTTPSConnectionPool(host='api.wandb.ai', port=443): Max retries exceeded with url: /files/anony-mouse-241281041772398917/U-Net/ujl9nv2i/file_stream (Caused by NameResolutionError("<urllib3.connection.HTTPSConnection object at 0x000002A9CC510670>: Failed to resolve 'api.wandb.ai' ([Errno 11001] getaddrinfo failed)")). func: <bound method Session.post of <requests.sessions.Session object at 0x000002A9CB92C8B0>>, args: ('https://api.wandb.ai/files/anony-mouse-241281041772398917/U-Net/ujl9nv2i/file_stream',), kwargs: {'json': {'files': {'output.log': {'offset': 10, 'content': ['ERROR 2024-06-27T03:40:41.488746 Epoch 1/5:   4%|¨€¨€¨€¨€¨€¨‚                                                                                                                                                      | 5/135 [01:04<27:03, 12.49s/img, loss (batch)=1.4]\n']}}, 'dropped': 0}}
2024-06-27 12:02:21,452 DEBUG   HandlerThread:12752 [handler.py:handle_request():139] handle_request: stop_status
2024-06-27 12:02:41,454 DEBUG   HandlerThread:12752 [handler.py:handle_request():139] handle_request: stop_status
2024-06-27 12:03:01,454 DEBUG   HandlerThread:12752 [handler.py:handle_request():139] handle_request: stop_status
2024-06-27 12:03:21,456 DEBUG   HandlerThread:12752 [handler.py:handle_request():139] handle_request: stop_status
2024-06-27 12:03:41,458 DEBUG   HandlerThread:12752 [handler.py:handle_request():139] handle_request: stop_status
2024-06-27 12:04:01,458 DEBUG   HandlerThread:12752 [handler.py:handle_request():139] handle_request: stop_status
2024-06-27 12:04:21,458 DEBUG   HandlerThread:12752 [handler.py:handle_request():139] handle_request: stop_status
2024-06-27 12:04:41,460 DEBUG   HandlerThread:12752 [handler.py:handle_request():139] handle_request: stop_status
2024-06-27 12:05:01,464 DEBUG   HandlerThread:12752 [handler.py:handle_request():139] handle_request: stop_status
2024-06-27 12:05:21,462 DEBUG   HandlerThread:12752 [handler.py:handle_request():139] handle_request: stop_status
2024-06-27 12:05:41,463 DEBUG   HandlerThread:12752 [handler.py:handle_request():139] handle_request: stop_status
2024-06-27 12:06:01,463 DEBUG   HandlerThread:12752 [handler.py:handle_request():139] handle_request: stop_status
2024-06-27 12:06:21,465 DEBUG   HandlerThread:12752 [handler.py:handle_request():139] handle_request: stop_status
2024-06-27 12:06:41,467 DEBUG   HandlerThread:12752 [handler.py:handle_request():139] handle_request: stop_status
2024-06-27 12:07:01,468 DEBUG   HandlerThread:12752 [handler.py:handle_request():139] handle_request: stop_status
2024-06-27 12:07:21,469 DEBUG   HandlerThread:12752 [handler.py:handle_request():139] handle_request: stop_status
2024-06-27 12:07:41,471 DEBUG   HandlerThread:12752 [handler.py:handle_request():139] handle_request: stop_status
2024-06-27 12:07:59,598 WARNING FileStreamThread:12752 [file_stream.py:request_with_retry():667] requests_with_retry encountered retryable exception: HTTPSConnectionPool(host='api.wandb.ai', port=443): Max retries exceeded with url: /files/anony-mouse-241281041772398917/U-Net/ujl9nv2i/file_stream (Caused by NameResolutionError("<urllib3.connection.HTTPSConnection object at 0x000002A9CC59C580>: Failed to resolve 'api.wandb.ai' ([Errno 11001] getaddrinfo failed)")). func: <bound method Session.post of <requests.sessions.Session object at 0x000002A9CB92C8B0>>, args: ('https://api.wandb.ai/files/anony-mouse-241281041772398917/U-Net/ujl9nv2i/file_stream',), kwargs: {'json': {'files': {'output.log': {'offset': 10, 'content': ['ERROR 2024-06-27T03:40:41.488746 Epoch 1/5:   4%|¨€¨€¨€¨€¨€¨‚                                                                                                                                                      | 5/135 [01:04<27:03, 12.49s/img, loss (batch)=1.4]\n']}}, 'dropped': 0}}
2024-06-27 12:08:01,476 DEBUG   HandlerThread:12752 [handler.py:handle_request():139] handle_request: stop_status
2024-06-27 12:08:21,473 DEBUG   HandlerThread:12752 [handler.py:handle_request():139] handle_request: stop_status
2024-06-27 12:08:41,474 DEBUG   HandlerThread:12752 [handler.py:handle_request():139] handle_request: stop_status
2024-06-27 12:09:01,476 DEBUG   HandlerThread:12752 [handler.py:handle_request():139] handle_request: stop_status
2024-06-27 12:09:21,476 DEBUG   HandlerThread:12752 [handler.py:handle_request():139] handle_request: stop_status
2024-06-27 12:09:41,482 DEBUG   HandlerThread:12752 [handler.py:handle_request():139] handle_request: stop_status
2024-06-27 12:10:01,486 DEBUG   HandlerThread:12752 [handler.py:handle_request():139] handle_request: stop_status
2024-06-27 12:10:21,484 DEBUG   HandlerThread:12752 [handler.py:handle_request():139] handle_request: stop_status
2024-06-27 12:10:41,485 DEBUG   HandlerThread:12752 [handler.py:handle_request():139] handle_request: stop_status
2024-06-27 12:11:01,489 DEBUG   HandlerThread:12752 [handler.py:handle_request():139] handle_request: stop_status
2024-06-27 12:11:21,485 DEBUG   HandlerThread:12752 [handler.py:handle_request():139] handle_request: stop_status
2024-06-27 12:11:41,487 DEBUG   HandlerThread:12752 [handler.py:handle_request():139] handle_request: stop_status
2024-06-27 12:12:01,489 DEBUG   HandlerThread:12752 [handler.py:handle_request():139] handle_request: stop_status
2024-06-27 12:12:21,493 DEBUG   HandlerThread:12752 [handler.py:handle_request():139] handle_request: stop_status
2024-06-27 12:12:41,491 DEBUG   HandlerThread:12752 [handler.py:handle_request():139] handle_request: stop_status
2024-06-27 12:13:01,492 DEBUG   HandlerThread:12752 [handler.py:handle_request():139] handle_request: stop_status
2024-06-27 12:13:21,496 DEBUG   HandlerThread:12752 [handler.py:handle_request():139] handle_request: stop_status
2024-06-27 12:13:22,412 WARNING FileStreamThread:12752 [file_stream.py:request_with_retry():667] requests_with_retry encountered retryable exception: HTTPSConnectionPool(host='api.wandb.ai', port=443): Max retries exceeded with url: /files/anony-mouse-241281041772398917/U-Net/ujl9nv2i/file_stream (Caused by NameResolutionError("<urllib3.connection.HTTPSConnection object at 0x000002A9CC62E770>: Failed to resolve 'api.wandb.ai' ([Errno 11001] getaddrinfo failed)")). func: <bound method Session.post of <requests.sessions.Session object at 0x000002A9CB92C8B0>>, args: ('https://api.wandb.ai/files/anony-mouse-241281041772398917/U-Net/ujl9nv2i/file_stream',), kwargs: {'json': {'files': {'output.log': {'offset': 10, 'content': ['ERROR 2024-06-27T03:40:41.488746 Epoch 1/5:   4%|¨€¨€¨€¨€¨€¨‚                                                                                                                                                      | 5/135 [01:04<27:03, 12.49s/img, loss (batch)=1.4]\n']}}, 'dropped': 0}}
2024-06-27 12:13:41,498 DEBUG   HandlerThread:12752 [handler.py:handle_request():139] handle_request: stop_status
2024-06-27 12:14:01,498 DEBUG   HandlerThread:12752 [handler.py:handle_request():139] handle_request: stop_status
2024-06-27 12:14:21,499 DEBUG   HandlerThread:12752 [handler.py:handle_request():139] handle_request: stop_status
2024-06-27 12:14:41,500 DEBUG   HandlerThread:12752 [handler.py:handle_request():139] handle_request: stop_status
2024-06-27 12:15:01,500 DEBUG   HandlerThread:12752 [handler.py:handle_request():139] handle_request: stop_status
2024-06-27 12:15:21,501 DEBUG   HandlerThread:12752 [handler.py:handle_request():139] handle_request: stop_status
2024-06-27 12:15:41,503 DEBUG   HandlerThread:12752 [handler.py:handle_request():139] handle_request: stop_status
2024-06-27 12:16:01,505 DEBUG   HandlerThread:12752 [handler.py:handle_request():139] handle_request: stop_status
2024-06-27 12:16:21,506 DEBUG   HandlerThread:12752 [handler.py:handle_request():139] handle_request: stop_status
2024-06-27 12:16:41,506 DEBUG   HandlerThread:12752 [handler.py:handle_request():139] handle_request: stop_status
2024-06-27 12:17:01,508 DEBUG   HandlerThread:12752 [handler.py:handle_request():139] handle_request: stop_status
2024-06-27 12:17:21,509 DEBUG   HandlerThread:12752 [handler.py:handle_request():139] handle_request: stop_status
2024-06-27 12:17:41,512 DEBUG   HandlerThread:12752 [handler.py:handle_request():139] handle_request: stop_status
2024-06-27 12:18:01,512 DEBUG   HandlerThread:12752 [handler.py:handle_request():139] handle_request: stop_status
2024-06-27 12:18:21,514 DEBUG   HandlerThread:12752 [handler.py:handle_request():139] handle_request: stop_status
2024-06-27 12:18:41,515 DEBUG   HandlerThread:12752 [handler.py:handle_request():139] handle_request: stop_status
2024-06-27 12:18:55,228 WARNING FileStreamThread:12752 [file_stream.py:request_with_retry():667] requests_with_retry encountered retryable exception: HTTPSConnectionPool(host='api.wandb.ai', port=443): Max retries exceeded with url: /files/anony-mouse-241281041772398917/U-Net/ujl9nv2i/file_stream (Caused by NameResolutionError("<urllib3.connection.HTTPSConnection object at 0x000002A9CC6A2980>: Failed to resolve 'api.wandb.ai' ([Errno 11001] getaddrinfo failed)")). func: <bound method Session.post of <requests.sessions.Session object at 0x000002A9CB92C8B0>>, args: ('https://api.wandb.ai/files/anony-mouse-241281041772398917/U-Net/ujl9nv2i/file_stream',), kwargs: {'json': {'files': {'output.log': {'offset': 10, 'content': ['ERROR 2024-06-27T03:40:41.488746 Epoch 1/5:   4%|¨€¨€¨€¨€¨€¨‚                                                                                                                                                      | 5/135 [01:04<27:03, 12.49s/img, loss (batch)=1.4]\n']}}, 'dropped': 0}}
2024-06-27 12:19:01,516 DEBUG   HandlerThread:12752 [handler.py:handle_request():139] handle_request: stop_status
2024-06-27 12:19:21,516 DEBUG   HandlerThread:12752 [handler.py:handle_request():139] handle_request: stop_status
2024-06-27 12:19:41,516 DEBUG   HandlerThread:12752 [handler.py:handle_request():139] handle_request: stop_status
2024-06-27 12:20:01,519 DEBUG   HandlerThread:12752 [handler.py:handle_request():139] handle_request: stop_status
2024-06-27 12:20:21,518 DEBUG   HandlerThread:12752 [handler.py:handle_request():139] handle_request: stop_status
2024-06-27 12:20:41,520 DEBUG   HandlerThread:12752 [handler.py:handle_request():139] handle_request: stop_status
2024-06-27 12:21:01,520 DEBUG   HandlerThread:12752 [handler.py:handle_request():139] handle_request: stop_status
2024-06-27 12:21:21,520 DEBUG   HandlerThread:12752 [handler.py:handle_request():139] handle_request: stop_status
2024-06-27 12:21:41,521 DEBUG   HandlerThread:12752 [handler.py:handle_request():139] handle_request: stop_status
2024-06-27 12:22:01,521 DEBUG   HandlerThread:12752 [handler.py:handle_request():139] handle_request: stop_status
2024-06-27 12:22:21,522 DEBUG   HandlerThread:12752 [handler.py:handle_request():139] handle_request: stop_status
2024-06-27 12:22:41,524 DEBUG   HandlerThread:12752 [handler.py:handle_request():139] handle_request: stop_status
2024-06-27 12:23:01,525 DEBUG   HandlerThread:12752 [handler.py:handle_request():139] handle_request: stop_status
2024-06-27 12:23:21,525 DEBUG   HandlerThread:12752 [handler.py:handle_request():139] handle_request: stop_status
2024-06-27 12:23:41,526 DEBUG   HandlerThread:12752 [handler.py:handle_request():139] handle_request: stop_status
2024-06-27 12:24:01,526 DEBUG   HandlerThread:12752 [handler.py:handle_request():139] handle_request: stop_status
2024-06-27 12:24:21,527 DEBUG   HandlerThread:12752 [handler.py:handle_request():139] handle_request: stop_status
2024-06-27 12:24:41,528 DEBUG   HandlerThread:12752 [handler.py:handle_request():139] handle_request: stop_status
2024-06-27 12:25:01,528 DEBUG   HandlerThread:12752 [handler.py:handle_request():139] handle_request: stop_status
2024-06-27 12:25:09,630 WARNING FileStreamThread:12752 [file_stream.py:request_with_retry():667] requests_with_retry encountered retryable exception: HTTPSConnectionPool(host='api.wandb.ai', port=443): Max retries exceeded with url: /files/anony-mouse-241281041772398917/U-Net/ujl9nv2i/file_stream (Caused by NameResolutionError("<urllib3.connection.HTTPSConnection object at 0x000002A9CC73DED0>: Failed to resolve 'api.wandb.ai' ([Errno 11001] getaddrinfo failed)")). func: <bound method Session.post of <requests.sessions.Session object at 0x000002A9CB92C8B0>>, args: ('https://api.wandb.ai/files/anony-mouse-241281041772398917/U-Net/ujl9nv2i/file_stream',), kwargs: {'json': {'files': {'output.log': {'offset': 10, 'content': ['ERROR 2024-06-27T03:40:41.488746 Epoch 1/5:   4%|¨€¨€¨€¨€¨€¨‚                                                                                                                                                      | 5/135 [01:04<27:03, 12.49s/img, loss (batch)=1.4]\n']}}, 'dropped': 0}}
2024-06-27 12:25:21,529 DEBUG   HandlerThread:12752 [handler.py:handle_request():139] handle_request: stop_status
2024-06-27 12:25:41,531 DEBUG   HandlerThread:12752 [handler.py:handle_request():139] handle_request: stop_status
2024-06-27 12:26:01,532 DEBUG   HandlerThread:12752 [handler.py:handle_request():139] handle_request: stop_status
2024-06-27 12:26:21,534 DEBUG   HandlerThread:12752 [handler.py:handle_request():139] handle_request: stop_status
2024-06-27 12:26:41,534 DEBUG   HandlerThread:12752 [handler.py:handle_request():139] handle_request: stop_status
2024-06-27 12:27:01,534 DEBUG   HandlerThread:12752 [handler.py:handle_request():139] handle_request: stop_status
2024-06-27 12:27:21,535 DEBUG   HandlerThread:12752 [handler.py:handle_request():139] handle_request: stop_status
2024-06-27 12:27:41,535 DEBUG   HandlerThread:12752 [handler.py:handle_request():139] handle_request: stop_status
2024-06-27 12:28:01,536 DEBUG   HandlerThread:12752 [handler.py:handle_request():139] handle_request: stop_status
2024-06-27 12:28:21,536 DEBUG   HandlerThread:12752 [handler.py:handle_request():139] handle_request: stop_status
2024-06-27 12:28:41,537 DEBUG   HandlerThread:12752 [handler.py:handle_request():139] handle_request: stop_status
2024-06-27 12:29:01,539 DEBUG   HandlerThread:12752 [handler.py:handle_request():139] handle_request: stop_status
2024-06-27 12:29:21,540 DEBUG   HandlerThread:12752 [handler.py:handle_request():139] handle_request: stop_status
2024-06-27 12:29:41,541 DEBUG   HandlerThread:12752 [handler.py:handle_request():139] handle_request: stop_status
2024-06-27 12:30:01,542 DEBUG   HandlerThread:12752 [handler.py:handle_request():139] handle_request: stop_status
2024-06-27 12:30:21,542 DEBUG   HandlerThread:12752 [handler.py:handle_request():139] handle_request: stop_status
2024-06-27 12:30:41,543 DEBUG   HandlerThread:12752 [handler.py:handle_request():139] handle_request: stop_status
2024-06-27 12:30:56,888 WARNING FileStreamThread:12752 [file_stream.py:request_with_retry():667] requests_with_retry encountered retryable exception: HTTPSConnectionPool(host='api.wandb.ai', port=443): Max retries exceeded with url: /files/anony-mouse-241281041772398917/U-Net/ujl9nv2i/file_stream (Caused by NameResolutionError("<urllib3.connection.HTTPSConnection object at 0x000002A9CC7E5270>: Failed to resolve 'api.wandb.ai' ([Errno 11001] getaddrinfo failed)")). func: <bound method Session.post of <requests.sessions.Session object at 0x000002A9CB92C8B0>>, args: ('https://api.wandb.ai/files/anony-mouse-241281041772398917/U-Net/ujl9nv2i/file_stream',), kwargs: {'json': {'files': {'output.log': {'offset': 10, 'content': ['ERROR 2024-06-27T03:40:41.488746 Epoch 1/5:   4%|¨€¨€¨€¨€¨€¨‚                                                                                                                                                      | 5/135 [01:04<27:03, 12.49s/img, loss (batch)=1.4]\n']}}, 'dropped': 0}}
2024-06-27 12:31:01,544 DEBUG   HandlerThread:12752 [handler.py:handle_request():139] handle_request: stop_status
2024-06-27 12:31:21,546 DEBUG   HandlerThread:12752 [handler.py:handle_request():139] handle_request: stop_status
2024-06-27 12:31:41,547 DEBUG   HandlerThread:12752 [handler.py:handle_request():139] handle_request: stop_status
2024-06-27 12:32:01,548 DEBUG   HandlerThread:12752 [handler.py:handle_request():139] handle_request: stop_status
2024-06-27 12:32:21,548 DEBUG   HandlerThread:12752 [handler.py:handle_request():139] handle_request: stop_status
2024-06-27 12:32:41,550 DEBUG   HandlerThread:12752 [handler.py:handle_request():139] handle_request: stop_status
2024-06-27 12:33:01,550 DEBUG   HandlerThread:12752 [handler.py:handle_request():139] handle_request: stop_status
2024-06-27 12:33:21,552 DEBUG   HandlerThread:12752 [handler.py:handle_request():139] handle_request: stop_status
2024-06-27 12:33:41,554 DEBUG   HandlerThread:12752 [handler.py:handle_request():139] handle_request: stop_status
2024-06-27 12:34:01,554 DEBUG   HandlerThread:12752 [handler.py:handle_request():139] handle_request: stop_status
2024-06-27 12:34:21,556 DEBUG   HandlerThread:12752 [handler.py:handle_request():139] handle_request: stop_status
2024-06-27 12:34:41,556 DEBUG   HandlerThread:12752 [handler.py:handle_request():139] handle_request: stop_status
2024-06-27 12:35:01,557 DEBUG   HandlerThread:12752 [handler.py:handle_request():139] handle_request: stop_status
2024-06-27 12:35:21,559 DEBUG   HandlerThread:12752 [handler.py:handle_request():139] handle_request: stop_status
2024-06-27 12:35:41,558 DEBUG   HandlerThread:12752 [handler.py:handle_request():139] handle_request: stop_status
2024-06-27 12:36:01,560 DEBUG   HandlerThread:12752 [handler.py:handle_request():139] handle_request: stop_status
2024-06-27 12:36:11,821 WARNING FileStreamThread:12752 [file_stream.py:request_with_retry():667] requests_with_retry encountered retryable exception: HTTPSConnectionPool(host='api.wandb.ai', port=443): Max retries exceeded with url: /files/anony-mouse-241281041772398917/U-Net/ujl9nv2i/file_stream (Caused by NameResolutionError("<urllib3.connection.HTTPSConnection object at 0x000002A9CC857580>: Failed to resolve 'api.wandb.ai' ([Errno 11001] getaddrinfo failed)")). func: <bound method Session.post of <requests.sessions.Session object at 0x000002A9CB92C8B0>>, args: ('https://api.wandb.ai/files/anony-mouse-241281041772398917/U-Net/ujl9nv2i/file_stream',), kwargs: {'json': {'files': {'output.log': {'offset': 10, 'content': ['ERROR 2024-06-27T03:40:41.488746 Epoch 1/5:   4%|¨€¨€¨€¨€¨€¨‚                                                                                                                                                      | 5/135 [01:04<27:03, 12.49s/img, loss (batch)=1.4]\n']}}, 'dropped': 0}}
2024-06-27 12:36:21,560 DEBUG   HandlerThread:12752 [handler.py:handle_request():139] handle_request: stop_status
2024-06-27 12:36:41,561 DEBUG   HandlerThread:12752 [handler.py:handle_request():139] handle_request: stop_status
2024-06-27 12:37:01,563 DEBUG   HandlerThread:12752 [handler.py:handle_request():139] handle_request: stop_status
2024-06-27 12:37:21,564 DEBUG   HandlerThread:12752 [handler.py:handle_request():139] handle_request: stop_status
2024-06-27 12:37:41,565 DEBUG   HandlerThread:12752 [handler.py:handle_request():139] handle_request: stop_status
2024-06-27 12:38:01,567 DEBUG   HandlerThread:12752 [handler.py:handle_request():139] handle_request: stop_status
2024-06-27 12:38:21,567 DEBUG   HandlerThread:12752 [handler.py:handle_request():139] handle_request: stop_status
2024-06-27 12:38:41,569 DEBUG   HandlerThread:12752 [handler.py:handle_request():139] handle_request: stop_status
2024-06-27 12:39:01,569 DEBUG   HandlerThread:12752 [handler.py:handle_request():139] handle_request: stop_status
2024-06-27 12:39:21,570 DEBUG   HandlerThread:12752 [handler.py:handle_request():139] handle_request: stop_status
2024-06-27 12:39:41,572 DEBUG   HandlerThread:12752 [handler.py:handle_request():139] handle_request: stop_status
2024-06-27 12:40:01,574 DEBUG   HandlerThread:12752 [handler.py:handle_request():139] handle_request: stop_status
2024-06-27 12:40:21,575 DEBUG   HandlerThread:12752 [handler.py:handle_request():139] handle_request: stop_status
2024-06-27 12:40:41,575 DEBUG   HandlerThread:12752 [handler.py:handle_request():139] handle_request: stop_status
2024-06-27 12:41:01,576 DEBUG   HandlerThread:12752 [handler.py:handle_request():139] handle_request: stop_status
2024-06-27 12:41:16,165 WARNING FileStreamThread:12752 [file_stream.py:request_with_retry():667] requests_with_retry encountered retryable exception: HTTPSConnectionPool(host='api.wandb.ai', port=443): Max retries exceeded with url: /files/anony-mouse-241281041772398917/U-Net/ujl9nv2i/file_stream (Caused by NameResolutionError("<urllib3.connection.HTTPSConnection object at 0x000002A9CC8E5090>: Failed to resolve 'api.wandb.ai' ([Errno 11001] getaddrinfo failed)")). func: <bound method Session.post of <requests.sessions.Session object at 0x000002A9CB92C8B0>>, args: ('https://api.wandb.ai/files/anony-mouse-241281041772398917/U-Net/ujl9nv2i/file_stream',), kwargs: {'json': {'files': {'output.log': {'offset': 10, 'content': ['ERROR 2024-06-27T03:40:41.488746 Epoch 1/5:   4%|¨€¨€¨€¨€¨€¨‚                                                                                                                                                      | 5/135 [01:04<27:03, 12.49s/img, loss (batch)=1.4]\n']}}, 'dropped': 0}}
2024-06-27 12:41:21,578 DEBUG   HandlerThread:12752 [handler.py:handle_request():139] handle_request: stop_status
2024-06-27 12:41:41,580 DEBUG   HandlerThread:12752 [handler.py:handle_request():139] handle_request: stop_status
2024-06-27 12:42:01,580 DEBUG   HandlerThread:12752 [handler.py:handle_request():139] handle_request: stop_status
2024-06-27 12:42:21,583 DEBUG   HandlerThread:12752 [handler.py:handle_request():139] handle_request: stop_status
2024-06-27 12:42:41,584 DEBUG   HandlerThread:12752 [handler.py:handle_request():139] handle_request: stop_status
2024-06-27 12:43:01,585 DEBUG   HandlerThread:12752 [handler.py:handle_request():139] handle_request: stop_status
2024-06-27 12:43:21,586 DEBUG   HandlerThread:12752 [handler.py:handle_request():139] handle_request: stop_status
2024-06-27 12:43:41,586 DEBUG   HandlerThread:12752 [handler.py:handle_request():139] handle_request: stop_status
2024-06-27 12:44:01,588 DEBUG   HandlerThread:12752 [handler.py:handle_request():139] handle_request: stop_status
2024-06-27 12:44:21,590 DEBUG   HandlerThread:12752 [handler.py:handle_request():139] handle_request: stop_status
2024-06-27 12:44:41,591 DEBUG   HandlerThread:12752 [handler.py:handle_request():139] handle_request: stop_status
2024-06-27 12:45:01,592 DEBUG   HandlerThread:12752 [handler.py:handle_request():139] handle_request: stop_status
2024-06-27 12:45:21,593 DEBUG   HandlerThread:12752 [handler.py:handle_request():139] handle_request: stop_status
2024-06-27 12:45:41,593 DEBUG   HandlerThread:12752 [handler.py:handle_request():139] handle_request: stop_status
2024-06-27 12:46:01,594 DEBUG   HandlerThread:12752 [handler.py:handle_request():139] handle_request: stop_status
2024-06-27 12:46:21,595 DEBUG   HandlerThread:12752 [handler.py:handle_request():139] handle_request: stop_status
2024-06-27 12:46:41,596 DEBUG   HandlerThread:12752 [handler.py:handle_request():139] handle_request: stop_status
2024-06-27 12:46:52,206 WARNING FileStreamThread:12752 [file_stream.py:request_with_retry():667] requests_with_retry encountered retryable exception: HTTPSConnectionPool(host='api.wandb.ai', port=443): Max retries exceeded with url: /files/anony-mouse-241281041772398917/U-Net/ujl9nv2i/file_stream (Caused by NameResolutionError("<urllib3.connection.HTTPSConnection object at 0x000002A9CC970D60>: Failed to resolve 'api.wandb.ai' ([Errno 11001] getaddrinfo failed)")). func: <bound method Session.post of <requests.sessions.Session object at 0x000002A9CB92C8B0>>, args: ('https://api.wandb.ai/files/anony-mouse-241281041772398917/U-Net/ujl9nv2i/file_stream',), kwargs: {'json': {'files': {'output.log': {'offset': 10, 'content': ['ERROR 2024-06-27T03:40:41.488746 Epoch 1/5:   4%|¨€¨€¨€¨€¨€¨‚                                                                                                                                                      | 5/135 [01:04<27:03, 12.49s/img, loss (batch)=1.4]\n']}}, 'dropped': 0}}
2024-06-27 12:47:01,598 DEBUG   HandlerThread:12752 [handler.py:handle_request():139] handle_request: stop_status
2024-06-27 12:47:21,598 DEBUG   HandlerThread:12752 [handler.py:handle_request():139] handle_request: stop_status
2024-06-27 12:47:41,598 DEBUG   HandlerThread:12752 [handler.py:handle_request():139] handle_request: stop_status
2024-06-27 12:48:01,600 DEBUG   HandlerThread:12752 [handler.py:handle_request():139] handle_request: stop_status
2024-06-27 12:48:21,599 DEBUG   HandlerThread:12752 [handler.py:handle_request():139] handle_request: stop_status
2024-06-27 12:48:41,601 DEBUG   HandlerThread:12752 [handler.py:handle_request():139] handle_request: stop_status
2024-06-27 12:48:59,529 DEBUG   HandlerThread:12752 [handler.py:handle_request():139] handle_request: poll_exit
2024-06-27 12:49:04,531 DEBUG   HandlerThread:12752 [handler.py:handle_request():139] handle_request: keepalive
2024-06-27 12:49:09,533 DEBUG   HandlerThread:12752 [handler.py:handle_request():139] handle_request: keepalive
2024-06-27 12:49:14,536 DEBUG   HandlerThread:12752 [handler.py:handle_request():139] handle_request: keepalive
2024-06-27 12:49:19,538 DEBUG   HandlerThread:12752 [handler.py:handle_request():139] handle_request: keepalive
2024-06-27 12:49:24,540 DEBUG   HandlerThread:12752 [handler.py:handle_request():139] handle_request: keepalive
2024-06-27 12:49:29,543 DEBUG   HandlerThread:12752 [handler.py:handle_request():139] handle_request: keepalive
2024-06-27 12:49:34,546 DEBUG   HandlerThread:12752 [handler.py:handle_request():139] handle_request: keepalive
2024-06-27 12:49:39,547 DEBUG   HandlerThread:12752 [handler.py:handle_request():139] handle_request: keepalive
2024-06-27 12:49:44,549 DEBUG   HandlerThread:12752 [handler.py:handle_request():139] handle_request: keepalive
2024-06-27 12:49:49,552 DEBUG   HandlerThread:12752 [handler.py:handle_request():139] handle_request: keepalive
2024-06-27 12:49:54,553 DEBUG   HandlerThread:12752 [handler.py:handle_request():139] handle_request: keepalive
2024-06-27 12:49:59,556 DEBUG   HandlerThread:12752 [handler.py:handle_request():139] handle_request: keepalive
2024-06-27 12:50:04,560 DEBUG   HandlerThread:12752 [handler.py:handle_request():139] handle_request: keepalive
2024-06-27 12:50:09,564 DEBUG   HandlerThread:12752 [handler.py:handle_request():139] handle_request: keepalive
2024-06-27 12:50:14,569 DEBUG   HandlerThread:12752 [handler.py:handle_request():139] handle_request: keepalive
2024-06-27 12:50:19,578 DEBUG   HandlerThread:12752 [handler.py:handle_request():139] handle_request: keepalive
2024-06-27 12:50:24,593 DEBUG   HandlerThread:12752 [handler.py:handle_request():139] handle_request: keepalive
2024-06-27 12:50:29,602 DEBUG   HandlerThread:12752 [handler.py:handle_request():139] handle_request: keepalive
2024-06-27 12:50:34,618 DEBUG   HandlerThread:12752 [handler.py:handle_request():139] handle_request: keepalive
2024-06-27 12:50:39,614 DEBUG   HandlerThread:12752 [handler.py:handle_request():139] handle_request: keepalive
2024-06-27 12:50:44,618 DEBUG   HandlerThread:12752 [handler.py:handle_request():139] handle_request: keepalive
2024-06-27 12:50:49,619 DEBUG   HandlerThread:12752 [handler.py:handle_request():139] handle_request: keepalive
2024-06-27 12:50:54,620 DEBUG   HandlerThread:12752 [handler.py:handle_request():139] handle_request: keepalive
2024-06-27 12:50:59,623 DEBUG   HandlerThread:12752 [handler.py:handle_request():139] handle_request: keepalive
2024-06-27 12:51:04,626 DEBUG   HandlerThread:12752 [handler.py:handle_request():139] handle_request: keepalive
2024-06-27 12:51:09,629 DEBUG   HandlerThread:12752 [handler.py:handle_request():139] handle_request: keepalive
2024-06-27 12:51:14,631 DEBUG   HandlerThread:12752 [handler.py:handle_request():139] handle_request: keepalive
2024-06-27 12:51:19,634 DEBUG   HandlerThread:12752 [handler.py:handle_request():139] handle_request: keepalive
2024-06-27 12:51:24,637 DEBUG   HandlerThread:12752 [handler.py:handle_request():139] handle_request: keepalive
2024-06-27 12:51:29,640 DEBUG   HandlerThread:12752 [handler.py:handle_request():139] handle_request: keepalive
2024-06-27 12:51:34,642 DEBUG   HandlerThread:12752 [handler.py:handle_request():139] handle_request: keepalive
2024-06-27 12:51:39,644 DEBUG   HandlerThread:12752 [handler.py:handle_request():139] handle_request: keepalive
2024-06-27 12:51:44,647 DEBUG   HandlerThread:12752 [handler.py:handle_request():139] handle_request: keepalive
2024-06-27 12:51:49,649 DEBUG   HandlerThread:12752 [handler.py:handle_request():139] handle_request: keepalive
2024-06-27 12:51:54,653 DEBUG   HandlerThread:12752 [handler.py:handle_request():139] handle_request: keepalive
2024-06-27 12:51:59,655 DEBUG   HandlerThread:12752 [handler.py:handle_request():139] handle_request: keepalive
2024-06-27 12:52:04,658 DEBUG   HandlerThread:12752 [handler.py:handle_request():139] handle_request: keepalive
2024-06-27 12:52:09,660 DEBUG   HandlerThread:12752 [handler.py:handle_request():139] handle_request: keepalive
2024-06-27 12:52:14,662 DEBUG   HandlerThread:12752 [handler.py:handle_request():139] handle_request: keepalive
2024-06-27 12:52:19,665 DEBUG   HandlerThread:12752 [handler.py:handle_request():139] handle_request: keepalive
